<?xml version="1.0" encoding="UTF-8"?>
<testng-results ignored="0" total="1" passed="1" failed="0" skipped="0">
  <reporter-output>
  </reporter-output>
  <suite started-at="2023-09-29T01:44:44 BDT" name="Default suite" finished-at="2023-09-29T01:45:11 BDT" duration-ms="27702">
    <groups>
    </groups>
    <test started-at="2023-09-29T01:44:44 BDT" name="Default test" finished-at="2023-09-29T01:45:11 BDT" duration-ms="27702">
      <class name="com.id.bd.First_project.AdvancedNopCommerce">
        <test-method is-config="true" signature="setDriver()[pri:0, instance:com.id.bd.First_project.AdvancedNopCommerce@5b1669c0]" started-at="2023-09-29T01:44:41 BDT" name="setDriver" finished-at="2023-09-29T01:44:44 BDT" duration-ms="2638" status="PASS">
          <reporter-output>
          </reporter-output>
        </test-method> <!-- setDriver -->
        <test-method signature="testNopCommerce()[pri:0, instance:com.id.bd.First_project.AdvancedNopCommerce@5b1669c0]" started-at="2023-09-29T01:44:44 BDT" name="testNopCommerce" finished-at="2023-09-29T01:45:11 BDT" duration-ms="27677" status="PASS">
          <reporter-output>
          </reporter-output>
        </test-method> <!-- testNopCommerce -->
        <test-method is-config="true" signature="quiteDriver()[pri:0, instance:com.id.bd.First_project.AdvancedNopCommerce@5b1669c0]" started-at="2023-09-29T01:45:11 BDT" name="quiteDriver" finished-at="2023-09-29T01:45:12 BDT" duration-ms="147" status="PASS">
          <reporter-output>
          </reporter-output>
        </test-method> <!-- quiteDriver -->
      </class> <!-- com.id.bd.First_project.AdvancedNopCommerce -->
    </test> <!-- Default test -->
  </suite> <!-- Default suite -->
</testng-results>
